<?xml version="1.0" encoding="UTF-8"?>
<!-- Generated by org.testng.reporters.JUnitReportReporter -->
<testsuite skipped="0" hostname="INLN56578362A" name="Testng_Annotations.Annotations" tests="5" failures="0" timestamp="18 Jun 2019 15:33:26 GMT" time="0.024" errors="0">
  <testcase name="test5" time="0.008" classname="Testng_Annotations.Annotations"/>
  <testcase name="test1" time="0.004" classname="Testng_Annotations.Annotations"/>
  <testcase name="test4" time="0.004" classname="Testng_Annotations.Annotations"/>
  <testcase name="test3" time="0.003" classname="Testng_Annotations.Annotations"/>
  <testcase name="test2" time="0.005" classname="Testng_Annotations.Annotations"/>
</testsuite> <!-- Testng_Annotations.Annotations -->
